

-----------------
BUILD FAILED FOR REPOSITORY WITH BUILD GRADLE FILE gradle/Koople__sdk-java__0__build.gradle
Continuing analysis, but analysis might be incomplete.

-----------------
FOUND A TOTAL OF 1 build/libs FOLDER(S) FOR PROJECT sdk-java
JAR NOT FOUND FOR PROJECT WITH 
 DOWNLOADED LOCAL PATH gradle/Koople__sdk-java__0__build.gradle
SUCCESSFULLY ANALYZED Koople/sdk-java/



-----------------
BUILD FAILED FOR REPOSITORY WITH BUILD GRADLE FILE gradle/leancloud__archaius__0__build.gradle
Continuing analysis, but analysis might be incomplete.

-----------------
FOUND A TOTAL OF 0 build/libs FOLDER(S) FOR PROJECT archaius
JAR NOT FOUND FOR PROJECT WITH 
 DOWNLOADED LOCAL PATH gradle/leancloud__archaius__0__build.gradle
SUCCESSFULLY ANALYZED leancloud/archaius/



-----------------
BUILD FAILED FOR REPOSITORY WITH BUILD GRADLE FILE gradle/lessthanoptimal__BoofCV__11__build.gradle
Continuing analysis, but analysis might be incomplete.

-----------------
FOUND A TOTAL OF 26 build/libs FOLDER(S) FOR PROJECT BoofCV
JAR NOT FOUND FOR PROJECT WITH 
 DOWNLOADED LOCAL PATH gradle/lessthanoptimal__BoofCV__11__build.gradle
SUCCESSFULLY ANALYZED lessthanoptimal/BoofCV/



-----------------
BUILD FAILED FOR REPOSITORY WITH BUILD GRADLE FILE gradle/limberest__limberest__0__build.gradle
Continuing analysis, but analysis might be incomplete.

-----------------
FOUND A TOTAL OF 0 build/libs FOLDER(S) FOR PROJECT limberest
JAR NOT FOUND FOR PROJECT WITH 
 DOWNLOADED LOCAL PATH gradle/limberest__limberest__0__build.gradle
SUCCESSFULLY ANALYZED limberest/limberest/



-----------------
BUILD FAILED FOR REPOSITORY WITH BUILD GRADLE FILE gradle/LinuxForHealth__hl7v2-fhir-converter__0__build.gradle
Continuing analysis, but analysis might be incomplete.

-----------------
FOUND A TOTAL OF 0 build/libs FOLDER(S) FOR PROJECT hl7v2-fhir-converter
JAR NOT FOUND FOR PROJECT WITH 
 DOWNLOADED LOCAL PATH gradle/LinuxForHealth__hl7v2-fhir-converter__0__build.gradle
SUCCESSFULLY ANALYZED LinuxForHealth/hl7v2-fhir-converter/



-----------------
BUILD FAILED FOR REPOSITORY WITH BUILD GRADLE FILE gradle/LogSentinel__logsentinel-java-client__0__build.gradle
Continuing analysis, but analysis might be incomplete.

-----------------
FOUND A TOTAL OF 0 build/libs FOLDER(S) FOR PROJECT logsentinel-java-client
JAR NOT FOUND FOR PROJECT WITH 
 DOWNLOADED LOCAL PATH gradle/LogSentinel__logsentinel-java-client__0__build.gradle
SUCCESSFULLY ANALYZED LogSentinel/logsentinel-java-client/



-----------------
BUILD FAILED FOR REPOSITORY WITH BUILD GRADLE FILE gradle/mapsforge__mapsforge__4__build.gradle
Continuing analysis, but analysis might be incomplete.

-----------------
BUILD FAILED FOR REPOSITORY WITH BUILD GRADLE FILE gradle/materna-se__fegen__6__build.gradle
Continuing analysis, but analysis might be incomplete.

-----------------
FOUND A TOTAL OF 12 build/libs FOLDER(S) FOR PROJECT fegen
JAR NOT FOUND FOR PROJECT WITH 
 DOWNLOADED LOCAL PATH gradle/materna-se__fegen__6__build.gradle
SUCCESSFULLY ANALYZED materna-se/fegen/



-----------------
BUILD FAILED FOR REPOSITORY WITH BUILD GRADLE FILE gradle/mmihira__qualtrix-sdk__0__build.gradle
Continuing analysis, but analysis might be incomplete.

-----------------
FOUND A TOTAL OF 0 build/libs FOLDER(S) FOR PROJECT qualtrix-sdk
JAR NOT FOUND FOR PROJECT WITH 
 DOWNLOADED LOCAL PATH gradle/mmihira__qualtrix-sdk__0__build.gradle
SUCCESSFULLY ANALYZED mmihira/qualtrix-sdk/



-----------------
FOUND A TOTAL OF 3 build/libs FOLDER(S) FOR PROJECT kpages
JAR NOT FOUND FOR PROJECT WITH 
 DOWNLOADED LOCAL PATH gradle/Monkopedia__kpages__3__build.gradle
SUCCESSFULLY ANALYZED Monkopedia/kpages/



-----------------
BUILD FAILED FOR REPOSITORY WITH BUILD GRADLE FILE gradle/mooltiverse__nyx__2__build.gradle
Continuing analysis, but analysis might be incomplete.

-----------------
FOUND A TOTAL OF 1 build/libs FOLDER(S) FOR PROJECT nyx
JAR NOT FOUND FOR PROJECT WITH 
 DOWNLOADED LOCAL PATH gradle/mooltiverse__nyx__2__build.gradle
SUCCESSFULLY ANALYZED mooltiverse/nyx/



-----------------
FOUND A TOTAL OF 1 build/libs FOLDER(S) FOR PROJECT mparticle-java-events-sdk
SUCCESSFULLY ANALYZED JAR PATH C:\Users\Niels\Documents\repositories\CG-dependency-analyzer\downloaded-repos\mparticle-java-events-sdk\build\libs\server-events-sdk-2.3.2-javadoc.jar
USING ROOT BUILD GRADLE FILE ATdownloaded-repos/mparticle-java-events-sdk/pom.xml
AND DOWNLOADED LOCAL BUILD GRADLE PATHgradle/mparticle__mparticle-java-events-sdk__0__build.gradle
SUCCESSFULLY ANALYZED JAR PATH C:\Users\Niels\Documents\repositories\CG-dependency-analyzer\downloaded-repos\mparticle-java-events-sdk\build\libs\server-events-sdk-2.3.2-javadoc.jar
USING NON-ROOT BUILD GRADLE FILE AT/build.gradle.kts
AND DOWNLOADED LOCAL BUILD GRADLE PATH gradle/mparticle__mparticle-java-events-sdk__0__build.gradle
SUCCESSFULLY ANALYZED mparticle/mparticle-java-events-sdk/



-----------------
BUILD FAILED FOR REPOSITORY WITH BUILD GRADLE FILE gradle/MTDdk__jawn__0__build.gradle
Continuing analysis, but analysis might be incomplete.

-----------------
FOUND A TOTAL OF 0 build/libs FOLDER(S) FOR PROJECT jawn
JAR NOT FOUND FOR PROJECT WITH 
 DOWNLOADED LOCAL PATH gradle/MTDdk__jawn__0__build.gradle
SUCCESSFULLY ANALYZED MTDdk/jawn/



-----------------
BUILD FAILED FOR REPOSITORY WITH BUILD GRADLE FILE gradle/navdeepsekhon__kafkaer__0__build.gradle
Continuing analysis, but analysis might be incomplete.

-----------------
FOUND A TOTAL OF 1 build/libs FOLDER(S) FOR PROJECT kafkaer
SUCCESSFULLY ANALYZED JAR PATH C:\Users\Niels\Documents\repositories\CG-dependency-analyzer\downloaded-repos\kafkaer\build\libs\kafkaer-1.4.2-javadoc.jar
USING ROOT BUILD GRADLE FILE ATdownloaded-repos/kafkaer/pom.xml
AND DOWNLOADED LOCAL BUILD GRADLE PATHgradle/navdeepsekhon__kafkaer__0__build.gradle
SUCCESSFULLY ANALYZED JAR PATH C:\Users\Niels\Documents\repositories\CG-dependency-analyzer\downloaded-repos\kafkaer\build\libs\kafkaer-1.4.2-javadoc.jar
USING NON-ROOT BUILD GRADLE FILE AT/build.gradle.kts
AND DOWNLOADED LOCAL BUILD GRADLE PATH gradle/navdeepsekhon__kafkaer__0__build.gradle
SUCCESSFULLY ANALYZED navdeepsekhon/kafkaer/



-----------------
BUILD FAILED FOR REPOSITORY WITH BUILD GRADLE FILE gradle/nebula-plugins__gradle-lint-plugin__0__build.gradle
Continuing analysis, but analysis might be incomplete.

-----------------
FOUND A TOTAL OF 0 build/libs FOLDER(S) FOR PROJECT gradle-lint-plugin
JAR NOT FOUND FOR PROJECT WITH 
 DOWNLOADED LOCAL PATH gradle/nebula-plugins__gradle-lint-plugin__0__build.gradle
SUCCESSFULLY ANALYZED nebula-plugins/gradle-lint-plugin/



-----------------
BUILD FAILED FOR REPOSITORY WITH BUILD GRADLE FILE gradle/nebula-plugins__nebula-dependency-recommender-plugin__0__build.gradle
Continuing analysis, but analysis might be incomplete.

-----------------
FOUND A TOTAL OF 0 build/libs FOLDER(S) FOR PROJECT nebula-dependency-recommender-plugin
JAR NOT FOUND FOR PROJECT WITH 
 DOWNLOADED LOCAL PATH gradle/nebula-plugins__nebula-dependency-recommender-plugin__0__build.gradle
SUCCESSFULLY ANALYZED nebula-plugins/nebula-dependency-recommender-plugin/



-----------------
BUILD FAILED FOR REPOSITORY WITH BUILD GRADLE FILE gradle/nebula-plugins__gradle-lint-plugin__0__build.gradle
Continuing analysis, but analysis might be incomplete.

-----------------
FOUND A TOTAL OF 0 build/libs FOLDER(S) FOR PROJECT gradle-lint-plugin
JAR NOT FOUND FOR PROJECT WITH 
 DOWNLOADED LOCAL PATH gradle/nebula-plugins__gradle-lint-plugin__0__build.gradle
SUCCESSFULLY ANALYZED nebula-plugins/gradle-lint-plugin/



-----------------
BUILD FAILED FOR REPOSITORY WITH BUILD GRADLE FILE gradle/nebula-plugins__nebula-dependency-recommender-plugin__0__build.gradle
Continuing analysis, but analysis might be incomplete.

-----------------
FOUND A TOTAL OF 0 build/libs FOLDER(S) FOR PROJECT nebula-dependency-recommender-plugin
JAR NOT FOUND FOR PROJECT WITH 
 DOWNLOADED LOCAL PATH gradle/nebula-plugins__nebula-dependency-recommender-plugin__0__build.gradle
SUCCESSFULLY ANALYZED nebula-plugins/nebula-dependency-recommender-plugin/



-----------------
FOUND A TOTAL OF 1 build/libs FOLDER(S) FOR PROJECT nebula-test
NO VULNERABILITIES FOUND USING ROOT BUILD GRADLE FILE AT downloaded-repos/nebula-test/pom.xml
FOR JAR WITH PATH C:\Users\Niels\Documents\repositories\CG-dependency-analyzer\downloaded-repos\nebula-test\build\libs\nebula-test-0.1.0-dev.0.uncommitted-groovydoc.jar
AND DOWNLOADED LOCAL PATH gradle/nebula-plugins__nebula-test__0__build.gradle
SUCCESSFULLY ANALYZED JAR PATH C:\Users\Niels\Documents\repositories\CG-dependency-analyzer\downloaded-repos\nebula-test\build\libs\nebula-test-0.1.0-dev.0.uncommitted-groovydoc.jar
USING NON-ROOT BUILD GRADLE FILE AT/build.gradle.kts
AND DOWNLOADED LOCAL BUILD GRADLE PATH gradle/nebula-plugins__nebula-test__0__build.gradle
SUCCESSFULLY ANALYZED nebula-plugins/nebula-test/



-----------------
BUILD FAILED FOR REPOSITORY WITH BUILD GRADLE FILE gradle/nemerosa__ontrack__0__build.gradle
Continuing analysis, but analysis might be incomplete.

-----------------
FOUND A TOTAL OF 2 build/libs FOLDER(S) FOR PROJECT ontrack
NO VULNERABILITIES FOUND USING ROOT BUILD GRADLE FILE AT downloaded-repos/ontrack/pom.xml
FOR JAR WITH PATH C:\Users\Niels\Documents\repositories\CG-dependency-analyzer\downloaded-repos\ontrack\build\libs\ontrack.jar
AND DOWNLOADED LOCAL PATH gradle/nemerosa__ontrack__0__build.gradle
SUCCESSFULLY ANALYZED JAR PATH C:\Users\Niels\Documents\repositories\CG-dependency-analyzer\downloaded-repos\ontrack\build\libs\ontrack.jar
USING NON-ROOT BUILD GRADLE FILE AT/build.gradle.kts
AND DOWNLOADED LOCAL BUILD GRADLE PATH gradle/nemerosa__ontrack__0__build.gradle
SUCCESSFULLY ANALYZED nemerosa/ontrack/



-----------------
BUILD FAILED FOR REPOSITORY WITH BUILD GRADLE FILE gradle/nemerosa__ontrack__1__build.gradle
Continuing analysis, but analysis might be incomplete.

-----------------
FOUND A TOTAL OF 2 build/libs FOLDER(S) FOR PROJECT ontrack
NO VULNERABILITIES FOUND USING ROOT BUILD GRADLE FILE AT downloaded-repos/ontrack/pom.xml
FOR JAR WITH PATH C:\Users\Niels\Documents\repositories\CG-dependency-analyzer\downloaded-repos\ontrack\build\libs\ontrack.jar
AND DOWNLOADED LOCAL PATH gradle/nemerosa__ontrack__1__build.gradle
SUCCESSFULLY ANALYZED JAR PATH C:\Users\Niels\Documents\repositories\CG-dependency-analyzer\downloaded-repos\ontrack\build\libs\ontrack.jar
USING NON-ROOT BUILD GRADLE FILE AT/build.gradle.kts
AND DOWNLOADED LOCAL BUILD GRADLE PATH gradle/nemerosa__ontrack__1__build.gradle
SUCCESSFULLY ANALYZED nemerosa/ontrack/



-----------------
BUILD FAILED FOR REPOSITORY WITH BUILD GRADLE FILE gradle/neo4j-contrib__neo4j-apoc-procedures__1__build.gradle
Continuing analysis, but analysis might be incomplete.

-----------------
FOUND A TOTAL OF 1 build/libs FOLDER(S) FOR PROJECT neo4j-apoc-procedures
NO VULNERABILITIES FOUND USING ROOT BUILD GRADLE FILE AT downloaded-repos/neo4j-apoc-procedures/pom.xml
FOR JAR WITH PATH C:\Users\Niels\Documents\repositories\CG-dependency-analyzer\downloaded-repos\neo4j-apoc-procedures\build\libs\apoc-4.2.0.4-javadoc.jar
AND DOWNLOADED LOCAL PATH gradle/neo4j-contrib__neo4j-apoc-procedures__1__build.gradle
SUCCESSFULLY ANALYZED JAR PATH C:\Users\Niels\Documents\repositories\CG-dependency-analyzer\downloaded-repos\neo4j-apoc-procedures\build\libs\apoc-4.2.0.4-javadoc.jar
USING NON-ROOT BUILD GRADLE FILE AT/build.gradle.kts
AND DOWNLOADED LOCAL BUILD GRADLE PATH gradle/neo4j-contrib__neo4j-apoc-procedures__1__build.gradle
SUCCESSFULLY ANALYZED neo4j-contrib/neo4j-apoc-procedures/



-----------------
BUILD FAILED FOR REPOSITORY WITH BUILD GRADLE FILE gradle/neo4j-contrib__neo4j-apoc-procedures__2__build.gradle
Continuing analysis, but analysis might be incomplete.

-----------------
FOUND A TOTAL OF 1 build/libs FOLDER(S) FOR PROJECT neo4j-apoc-procedures
NO VULNERABILITIES FOUND USING ROOT BUILD GRADLE FILE AT downloaded-repos/neo4j-apoc-procedures/pom.xml
FOR JAR WITH PATH C:\Users\Niels\Documents\repositories\CG-dependency-analyzer\downloaded-repos\neo4j-apoc-procedures\build\libs\apoc-4.2.0.4-javadoc.jar
AND DOWNLOADED LOCAL PATH gradle/neo4j-contrib__neo4j-apoc-procedures__2__build.gradle
SUCCESSFULLY ANALYZED JAR PATH C:\Users\Niels\Documents\repositories\CG-dependency-analyzer\downloaded-repos\neo4j-apoc-procedures\build\libs\apoc-4.2.0.4-javadoc.jar
USING NON-ROOT BUILD GRADLE FILE AT/build.gradle.kts
AND DOWNLOADED LOCAL BUILD GRADLE PATH gradle/neo4j-contrib__neo4j-apoc-procedures__2__build.gradle
SUCCESSFULLY ANALYZED neo4j-contrib/neo4j-apoc-procedures/



-----------------
BUILD FAILED FOR REPOSITORY WITH BUILD GRADLE FILE gradle/neo4j-contrib__neo4j-apoc-procedures__3__build.gradle
Continuing analysis, but analysis might be incomplete.

-----------------
FOUND A TOTAL OF 1 build/libs FOLDER(S) FOR PROJECT neo4j-apoc-procedures
NO VULNERABILITIES FOUND USING ROOT BUILD GRADLE FILE AT downloaded-repos/neo4j-apoc-procedures/pom.xml
FOR JAR WITH PATH C:\Users\Niels\Documents\repositories\CG-dependency-analyzer\downloaded-repos\neo4j-apoc-procedures\build\libs\apoc-4.2.0.4-javadoc.jar
AND DOWNLOADED LOCAL PATH gradle/neo4j-contrib__neo4j-apoc-procedures__3__build.gradle
SUCCESSFULLY ANALYZED JAR PATH C:\Users\Niels\Documents\repositories\CG-dependency-analyzer\downloaded-repos\neo4j-apoc-procedures\build\libs\apoc-4.2.0.4-javadoc.jar
USING NON-ROOT BUILD GRADLE FILE AT/build.gradle.kts
AND DOWNLOADED LOCAL BUILD GRADLE PATH gradle/neo4j-contrib__neo4j-apoc-procedures__3__build.gradle
SUCCESSFULLY ANALYZED neo4j-contrib/neo4j-apoc-procedures/



-----------------
BUILD FAILED FOR REPOSITORY WITH BUILD GRADLE FILE gradle/Netflix__AWSObjectMapper__0__build.gradle
Continuing analysis, but analysis might be incomplete.

-----------------
FOUND A TOTAL OF 1 build/libs FOLDER(S) FOR PROJECT AWSObjectMapper
JAR NOT FOUND FOR PROJECT WITH 
 DOWNLOADED LOCAL PATH gradle/Netflix__AWSObjectMapper__0__build.gradle
SUCCESSFULLY ANALYZED Netflix/AWSObjectMapper/



-----------------
BUILD FAILED FOR REPOSITORY WITH BUILD GRADLE FILE gradle/Netflix__dyno-queues__2__build.gradle
Continuing analysis, but analysis might be incomplete.

-----------------
FOUND A TOTAL OF 0 build/libs FOLDER(S) FOR PROJECT dyno-queues
JAR NOT FOUND FOR PROJECT WITH 
 DOWNLOADED LOCAL PATH gradle/Netflix__dyno-queues__2__build.gradle
SUCCESSFULLY ANALYZED Netflix/dyno-queues/



-----------------
BUILD FAILED FOR REPOSITORY WITH BUILD GRADLE FILE gradle/Netflix__dynomite-manager__2__build.gradle
Continuing analysis, but analysis might be incomplete.

-----------------
FOUND A TOTAL OF 0 build/libs FOLDER(S) FOR PROJECT dynomite-manager
JAR NOT FOUND FOR PROJECT WITH 
 DOWNLOADED LOCAL PATH gradle/Netflix__dynomite-manager__2__build.gradle
SUCCESSFULLY ANALYZED Netflix/dynomite-manager/



-----------------
BUILD FAILED FOR REPOSITORY WITH BUILD GRADLE FILE gradle/Netflix__genie__0__build.gradle
Continuing analysis, but analysis might be incomplete.

-----------------
FOUND A TOTAL OF 0 build/libs FOLDER(S) FOR PROJECT genie
JAR NOT FOUND FOR PROJECT WITH 
 DOWNLOADED LOCAL PATH gradle/Netflix__genie__0__build.gradle
SUCCESSFULLY ANALYZED Netflix/genie/



-----------------
BUILD FAILED FOR REPOSITORY WITH BUILD GRADLE FILE gradle/Netflix__governator__7__build.gradle
Continuing analysis, but analysis might be incomplete.

-----------------
FOUND A TOTAL OF 1 build/libs FOLDER(S) FOR PROJECT governator
NO VULNERABILITIES FOUND USING ROOT BUILD GRADLE FILE AT downloaded-repos/governator/pom.xml
FOR JAR WITH PATH C:\Users\Niels\Documents\repositories\CG-dependency-analyzer\downloaded-repos\governator\buildSrc\build\libs\buildSrc.jar
AND DOWNLOADED LOCAL PATH gradle/Netflix__governator__7__build.gradle
SUCCESSFULLY ANALYZED Netflix/governator/



-----------------
BUILD FAILED FOR REPOSITORY WITH BUILD GRADLE FILE gradle/Netflix__hollow__5__build.gradle
Continuing analysis, but analysis might be incomplete.

-----------------
FOUND A TOTAL OF 0 build/libs FOLDER(S) FOR PROJECT hollow
JAR NOT FOUND FOR PROJECT WITH 
 DOWNLOADED LOCAL PATH gradle/Netflix__hollow__5__build.gradle
SUCCESSFULLY ANALYZED Netflix/hollow/



-----------------
BUILD FAILED FOR REPOSITORY WITH BUILD GRADLE FILE gradle/Netflix__mantis__2__build.gradle
Continuing analysis, but analysis might be incomplete.

-----------------
FOUND A TOTAL OF 0 build/libs FOLDER(S) FOR PROJECT mantis
JAR NOT FOUND FOR PROJECT WITH 
 DOWNLOADED LOCAL PATH gradle/Netflix__mantis__2__build.gradle
SUCCESSFULLY ANALYZED Netflix/mantis/



-----------------
BUILD FAILED FOR REPOSITORY WITH BUILD GRADLE FILE gradle/Netflix__mantis__7__build.gradle
Continuing analysis, but analysis might be incomplete.

-----------------
FOUND A TOTAL OF 0 build/libs FOLDER(S) FOR PROJECT mantis
JAR NOT FOUND FOR PROJECT WITH 
 DOWNLOADED LOCAL PATH gradle/Netflix__mantis__7__build.gradle
SUCCESSFULLY ANALYZED Netflix/mantis/



-----------------
BUILD FAILED FOR REPOSITORY WITH BUILD GRADLE FILE gradle/Netflix__mantis__8__build.gradle
Continuing analysis, but analysis might be incomplete.

-----------------
FOUND A TOTAL OF 0 build/libs FOLDER(S) FOR PROJECT mantis
JAR NOT FOUND FOR PROJECT WITH 
 DOWNLOADED LOCAL PATH gradle/Netflix__mantis__8__build.gradle
SUCCESSFULLY ANALYZED Netflix/mantis/



-----------------
BUILD FAILED FOR REPOSITORY WITH BUILD GRADLE FILE gradle/Netflix__mantis__11__build.gradle
Continuing analysis, but analysis might be incomplete.

-----------------
FOUND A TOTAL OF 0 build/libs FOLDER(S) FOR PROJECT mantis
JAR NOT FOUND FOR PROJECT WITH 
 DOWNLOADED LOCAL PATH gradle/Netflix__mantis__11__build.gradle
SUCCESSFULLY ANALYZED Netflix/mantis/



-----------------
BUILD FAILED FOR REPOSITORY WITH BUILD GRADLE FILE gradle/Netflix__mantis__13__build.gradle
Continuing analysis, but analysis might be incomplete.

-----------------
FOUND A TOTAL OF 0 build/libs FOLDER(S) FOR PROJECT mantis
JAR NOT FOUND FOR PROJECT WITH 
 DOWNLOADED LOCAL PATH gradle/Netflix__mantis__13__build.gradle
SUCCESSFULLY ANALYZED Netflix/mantis/



-----------------
BUILD FAILED FOR REPOSITORY WITH BUILD GRADLE FILE gradle/Netflix__mantis__14__build.gradle
Continuing analysis, but analysis might be incomplete.

-----------------
FOUND A TOTAL OF 0 build/libs FOLDER(S) FOR PROJECT mantis
JAR NOT FOUND FOR PROJECT WITH 
 DOWNLOADED LOCAL PATH gradle/Netflix__mantis__14__build.gradle
SUCCESSFULLY ANALYZED Netflix/mantis/



-----------------
BUILD FAILED FOR REPOSITORY WITH BUILD GRADLE FILE gradle/Netflix__mantis__17__build.gradle
Continuing analysis, but analysis might be incomplete.

-----------------
FOUND A TOTAL OF 0 build/libs FOLDER(S) FOR PROJECT mantis
JAR NOT FOUND FOR PROJECT WITH 
 DOWNLOADED LOCAL PATH gradle/Netflix__mantis__17__build.gradle
SUCCESSFULLY ANALYZED Netflix/mantis/



-----------------
BUILD FAILED FOR REPOSITORY WITH BUILD GRADLE FILE gradle/Netflix__mantis-rxcontrol__0__build.gradle
Continuing analysis, but analysis might be incomplete.

-----------------
FOUND A TOTAL OF 0 build/libs FOLDER(S) FOR PROJECT mantis-rxcontrol
JAR NOT FOUND FOR PROJECT WITH 
 DOWNLOADED LOCAL PATH gradle/Netflix__mantis-rxcontrol__0__build.gradle
SUCCESSFULLY ANALYZED Netflix/mantis-rxcontrol/



-----------------
BUILD FAILED FOR REPOSITORY WITH BUILD GRADLE FILE gradle/Netflix__ndbench__3__build.gradle
Continuing analysis, but analysis might be incomplete.

-----------------
FOUND A TOTAL OF 0 build/libs FOLDER(S) FOR PROJECT ndbench
JAR NOT FOUND FOR PROJECT WITH 
 DOWNLOADED LOCAL PATH gradle/Netflix__ndbench__3__build.gradle
SUCCESSFULLY ANALYZED Netflix/ndbench/



-----------------
BUILD FAILED FOR REPOSITORY WITH BUILD GRADLE FILE gradle/Netflix__ndbench__10__build.gradle
Continuing analysis, but analysis might be incomplete.

-----------------
FOUND A TOTAL OF 0 build/libs FOLDER(S) FOR PROJECT ndbench
JAR NOT FOUND FOR PROJECT WITH 
 DOWNLOADED LOCAL PATH gradle/Netflix__ndbench__10__build.gradle
SUCCESSFULLY ANALYZED Netflix/ndbench/



-----------------
BUILD FAILED FOR REPOSITORY WITH BUILD GRADLE FILE gradle/Netflix__Priam__0__build.gradle
Continuing analysis, but analysis might be incomplete.

-----------------
FOUND A TOTAL OF 0 build/libs FOLDER(S) FOR PROJECT Priam
JAR NOT FOUND FOR PROJECT WITH 
 DOWNLOADED LOCAL PATH gradle/Netflix__Priam__0__build.gradle
SUCCESSFULLY ANALYZED Netflix/Priam/



-----------------
FOUND A TOTAL OF 1 build/libs FOLDER(S) FOR PROJECT nexmo-java
SUCCESSFULLY ANALYZED JAR PATH C:\Users\Niels\Documents\repositories\CG-dependency-analyzer\downloaded-repos\nexmo-java\build\libs\client-5.6.0-javadoc.jar
USING ROOT BUILD GRADLE FILE ATdownloaded-repos/nexmo-java/pom.xml
AND DOWNLOADED LOCAL BUILD GRADLE PATHgradle/Nexmo__nexmo-java__0__build.gradle
SUCCESSFULLY ANALYZED JAR PATH C:\Users\Niels\Documents\repositories\CG-dependency-analyzer\downloaded-repos\nexmo-java\build\libs\client-5.6.0-javadoc.jar
USING NON-ROOT BUILD GRADLE FILE AT/build.gradle.kts
AND DOWNLOADED LOCAL BUILD GRADLE PATH gradle/Nexmo__nexmo-java__0__build.gradle
SUCCESSFULLY ANALYZED Nexmo/nexmo-java/



-----------------
FOUND A TOTAL OF 11 build/libs FOLDER(S) FOR PROJECT nextflow
JAR NOT FOUND FOR PROJECT WITH 
 DOWNLOADED LOCAL PATH gradle/nextflow-io__nextflow__6__build.gradle
SUCCESSFULLY ANALYZED nextflow-io/nextflow/



-----------------
BUILD FAILED FOR REPOSITORY WITH BUILD GRADLE FILE gradle/nextflow-io__nextflow-s3fs__0__build.gradle
Continuing analysis, but analysis might be incomplete.

-----------------
FOUND A TOTAL OF 1 build/libs FOLDER(S) FOR PROJECT nextflow-s3fs
JAR NOT FOUND FOR PROJECT WITH 
 DOWNLOADED LOCAL PATH gradle/nextflow-io__nextflow-s3fs__0__build.gradle
SUCCESSFULLY ANALYZED nextflow-io/nextflow-s3fs/



-----------------
FOUND A TOTAL OF 1 build/libs FOLDER(S) FOR PROJECT csv-comparator
SUCCESSFULLY ANALYZED JAR PATH C:\Users\Niels\Documents\repositories\CG-dependency-analyzer\downloaded-repos\csv-comparator\build\libs\csv-comparator-1.2.0-javadoc.jar
USING ROOT BUILD GRADLE FILE ATdownloaded-repos/csv-comparator/pom.xml
AND DOWNLOADED LOCAL BUILD GRADLE PATHgradle/ngoanh2n__csv-comparator__0__build.gradle
SUCCESSFULLY ANALYZED JAR PATH C:\Users\Niels\Documents\repositories\CG-dependency-analyzer\downloaded-repos\csv-comparator\build\libs\csv-comparator-1.2.0-javadoc.jar
USING NON-ROOT BUILD GRADLE FILE AT/build.gradle.kts
AND DOWNLOADED LOCAL BUILD GRADLE PATH gradle/ngoanh2n__csv-comparator__0__build.gradle
SUCCESSFULLY ANALYZED ngoanh2n/csv-comparator/



-----------------
FOUND A TOTAL OF 1 build/libs FOLDER(S) FOR PROJECT telleroo-sdk-java
SUCCESSFULLY ANALYZED JAR PATH C:\Users\Niels\Documents\repositories\CG-dependency-analyzer\downloaded-repos\telleroo-sdk-java\build\libs\telleroo-java-sdk-1.0.5-javadoc.jar
USING ROOT BUILD GRADLE FILE ATdownloaded-repos/telleroo-sdk-java/pom.xml
AND DOWNLOADED LOCAL BUILD GRADLE PATHgradle/nine-lives__telleroo-sdk-java__0__build.gradle
SUCCESSFULLY ANALYZED JAR PATH C:\Users\Niels\Documents\repositories\CG-dependency-analyzer\downloaded-repos\telleroo-sdk-java\build\libs\telleroo-java-sdk-1.0.5-javadoc.jar
USING NON-ROOT BUILD GRADLE FILE AT/build.gradle.kts
AND DOWNLOADED LOCAL BUILD GRADLE PATH gradle/nine-lives__telleroo-sdk-java__0__build.gradle
SUCCESSFULLY ANALYZED nine-lives/telleroo-sdk-java/



-----------------
BUILD FAILED FOR REPOSITORY WITH BUILD GRADLE FILE gradle/nulab__backlog4j__0__build.gradle
Continuing analysis, but analysis might be incomplete.

-----------------
FOUND A TOTAL OF 1 build/libs FOLDER(S) FOR PROJECT backlog4j
NO VULNERABILITIES FOUND USING ROOT BUILD GRADLE FILE AT downloaded-repos/backlog4j/pom.xml
FOR JAR WITH PATH C:\Users\Niels\Documents\repositories\CG-dependency-analyzer\downloaded-repos\backlog4j\build\libs\backlog4j-2.4.4-javadoc.jar
AND DOWNLOADED LOCAL PATH gradle/nulab__backlog4j__0__build.gradle
SUCCESSFULLY ANALYZED JAR PATH C:\Users\Niels\Documents\repositories\CG-dependency-analyzer\downloaded-repos\backlog4j\build\libs\backlog4j-2.4.4-javadoc.jar
USING NON-ROOT BUILD GRADLE FILE AT/build.gradle.kts
AND DOWNLOADED LOCAL BUILD GRADLE PATH gradle/nulab__backlog4j__0__build.gradle
SUCCESSFULLY ANALYZED nulab/backlog4j/



-----------------
BUILD FAILED FOR REPOSITORY WITH BUILD GRADLE FILE gradle/NYPL-Simplified__audiobook-android__0__build.gradle
Continuing analysis, but analysis might be incomplete.

-----------------
FOUND A TOTAL OF 0 build/libs FOLDER(S) FOR PROJECT audiobook-android
JAR NOT FOUND FOR PROJECT WITH 
 DOWNLOADED LOCAL PATH gradle/NYPL-Simplified__audiobook-android__0__build.gradle
SUCCESSFULLY ANALYZED NYPL-Simplified/audiobook-android/



-----------------
BUILD FAILED FOR REPOSITORY WITH BUILD GRADLE FILE gradle/omise__omise-java__0__build.gradle
Continuing analysis, but analysis might be incomplete.

-----------------
FOUND A TOTAL OF 1 build/libs FOLDER(S) FOR PROJECT omise-java
SUCCESSFULLY ANALYZED JAR PATH C:\Users\Niels\Documents\repositories\CG-dependency-analyzer\downloaded-repos\omise-java\build\libs\omise-java-4.0.6-javadoc.jar
USING ROOT BUILD GRADLE FILE ATdownloaded-repos/omise-java/pom.xml
AND DOWNLOADED LOCAL BUILD GRADLE PATHgradle/omise__omise-java__0__build.gradle
SUCCESSFULLY ANALYZED JAR PATH C:\Users\Niels\Documents\repositories\CG-dependency-analyzer\downloaded-repos\omise-java\build\libs\omise-java-4.0.6-javadoc.jar
USING NON-ROOT BUILD GRADLE FILE AT/build.gradle.kts
AND DOWNLOADED LOCAL BUILD GRADLE PATH gradle/omise__omise-java__0__build.gradle
SUCCESSFULLY ANALYZED omise/omise-java/



-----------------
BUILD FAILED FOR REPOSITORY WITH BUILD GRADLE FILE gradle/opendxl__opendxl-client-java__0__build.gradle
Continuing analysis, but analysis might be incomplete.

-----------------
FOUND A TOTAL OF 0 build/libs FOLDER(S) FOR PROJECT opendxl-client-java
JAR NOT FOUND FOR PROJECT WITH 
 DOWNLOADED LOCAL PATH gradle/opendxl__opendxl-client-java__0__build.gradle
SUCCESSFULLY ANALYZED opendxl/opendxl-client-java/



-----------------
BUILD FAILED FOR REPOSITORY WITH BUILD GRADLE FILE gradle/OpenLMIS__openlmis-stockmanagement__0__build.gradle
Continuing analysis, but analysis might be incomplete.

-----------------
FOUND A TOTAL OF 0 build/libs FOLDER(S) FOR PROJECT openlmis-stockmanagement
JAR NOT FOUND FOR PROJECT WITH 
 DOWNLOADED LOCAL PATH gradle/OpenLMIS__openlmis-stockmanagement__0__build.gradle
SUCCESSFULLY ANALYZED OpenLMIS/openlmis-stockmanagement/



-----------------
BUILD FAILED FOR REPOSITORY WITH BUILD GRADLE FILE gradle/osmdroid__osmdroid__5__build.gradle
Continuing analysis, but analysis might be incomplete.

-----------------
FOUND A TOTAL OF 0 build/libs FOLDER(S) FOR PROJECT osmdroid
JAR NOT FOUND FOR PROJECT WITH 
 DOWNLOADED LOCAL PATH gradle/osmdroid__osmdroid__5__build.gradle
SUCCESSFULLY ANALYZED osmdroid/osmdroid/



-----------------
BUILD FAILED FOR REPOSITORY WITH BUILD GRADLE FILE gradle/outfoxx__typescriptpoet__0__build.gradle
Continuing analysis, but analysis might be incomplete.